This is MetaPost, version 1.211 (TeX Live 2010) (kpathsea version 6.0.0) (mem=mpost 2011.01.15)  25 FEB 2011 16:53
**/home/barun/Downloads/Softwares/metauml_lib/thrunk/example.mp
(/home/barun/Downloads/Softwares/metauml_lib/thrunk/example.mp
(/home/barun/Downloads/Softwares/metauml_lib/thrunk/metauml.mp
(/home/barun/Downloads/Softwares/metauml_lib/thrunk/util_infrastructure.mp
(/home/barun/Downloads/Softwares/metauml_lib/thrunk/util_log.mp))
(/home/barun/Downloads/Softwares/metauml_lib/thrunk/util_object.mp)
(/home/barun/Downloads/Softwares/metauml_lib/thrunk/util_commons.mp)
(/home/barun/Downloads/Softwares/metauml_lib/thrunk/util_margins.mp)
(/home/barun/Downloads/Softwares/metauml_lib/thrunk/util_picture.mp
(/usr/local/texlive/2010/texmf-dist/metapost/base/boxes.mp))
(/home/barun/Downloads/Softwares/metauml_lib/thrunk/util_group.mp)
(/home/barun/Downloads/Softwares/metauml_lib/thrunk/util_picture_stack.mp)
(/home/barun/Downloads/Softwares/metauml_lib/thrunk/util_positioning.mp)
(/home/barun/Downloads/Softwares/metauml_lib/thrunk/util_shade.mp)
(/home/barun/Downloads/Softwares/metauml_lib/thrunk/metauml_base.mp)
(/home/barun/Downloads/Softwares/metauml_lib/thrunk/metauml_links.mp)
(/home/barun/Downloads/Softwares/metauml_lib/thrunk/metauml_paths.mp)
(/home/barun/Downloads/Softwares/metauml_lib/thrunk/metauml_note.mp
(/home/barun/Downloads/Softwares/metauml_lib/thrunk/metauml_defaults.mp))
(/home/barun/Downloads/Softwares/metauml_lib/thrunk/metauml_stereotype.mp)
(/home/barun/Downloads/Softwares/metauml_lib/thrunk/metauml_class_clipart.mp)
(/home/barun/Downloads/Softwares/metauml_lib/thrunk/metauml_class.mp)
(/home/barun/Downloads/Softwares/metauml_lib/thrunk/metauml_instance.mp)
(/home/barun/Downloads/Softwares/metauml_lib/thrunk/metauml_class_relations.mp)
(/home/barun/Downloads/Softwares/metauml_lib/thrunk/metauml_class_assoc.mp)
(/home/barun/Downloads/Softwares/metauml_lib/thrunk/metauml_package.mp)
(/home/barun/Downloads/Softwares/metauml_lib/thrunk/metauml_package_relations.m
p)
(/home/barun/Downloads/Softwares/metauml_lib/thrunk/metauml_behavioral_common.m
p) (/home/barun/Downloads/Softwares/metauml_lib/thrunk/metauml_activity.mp)
(/home/barun/Downloads/Softwares/metauml_lib/thrunk/metauml_state.mp)
(/home/barun/Downloads/Softwares/metauml_lib/thrunk/metauml_usecase_clipart.mp)
(/home/barun/Downloads/Softwares/metauml_lib/thrunk/metauml_usecase.mp)
(/home/barun/Downloads/Softwares/metauml_lib/thrunk/metauml_behavioral_common.m
p) (/home/barun/Downloads/Softwares/metauml_lib/thrunk/metauml_activity.mp)
(/home/barun/Downloads/Softwares/metauml_lib/thrunk/metauml_state.mp)
(/home/barun/Downloads/Softwares/metauml_lib/thrunk/metauml_usecase_clipart.mp)
(/home/barun/Downloads/Softwares/metauml_lib/thrunk/metauml_usecase.mp)
(/home/barun/Downloads/Softwares/metauml_lib/thrunk/metauml_component.mp)
(/home/barun/Downloads/Softwares/metauml_lib/thrunk/metauml_component_relations
.mp) (/home/barun/Downloads/Softwares/metauml_lib/thrunk/metauml_templates.mp))
[1] )
1 output file written: example.1
